<?xml version="1.0" encoding="UTF-8"?>
<testng-results ignored="0" total="1" passed="1" failed="0" skipped="0">
  <reporter-output>
  </reporter-output>
  <suite started-at="2025-02-01T10:14:02 IST" name="Default suite" finished-at="2025-02-01T10:14:27 IST" duration-ms="24633">
    <groups>
    </groups>
    <test started-at="2025-02-01T10:14:02 IST" name="Default test" finished-at="2025-02-01T10:14:27 IST" duration-ms="24633">
      <class name="form_Submission.validInputs">
        <test-method is-config="true" signature="openUrl()[pri:0, instance:form_Submission.validInputs@3ee37e5a]" started-at="2025-02-01T10:14:02 IST" name="openUrl" finished-at="2025-02-01T10:14:20 IST" duration-ms="18433" status="PASS">
          <reporter-output>
          </reporter-output>
        </test-method> <!-- openUrl -->
        <test-method signature="TC001()[pri:0, instance:form_Submission.validInputs@3ee37e5a]" started-at="2025-02-01T10:14:20 IST" name="TC001" finished-at="2025-02-01T10:14:26 IST" duration-ms="5594" status="PASS">
          <reporter-output>
          </reporter-output>
        </test-method> <!-- TC001 -->
        <test-method is-config="true" signature="tearDown()[pri:0, instance:form_Submission.validInputs@3ee37e5a]" started-at="2025-02-01T10:14:26 IST" name="tearDown" finished-at="2025-02-01T10:14:27 IST" duration-ms="534" status="PASS">
          <reporter-output>
          </reporter-output>
        </test-method> <!-- tearDown -->
      </class> <!-- form_Submission.validInputs -->
    </test> <!-- Default test -->
  </suite> <!-- Default suite -->
</testng-results>
